[2024-08-08T11:35:50.333+0000] {local_task_job_runner.py:120} INFO - ::group::Pre task execution logs
[2024-08-08T11:35:50.364+0000] {taskinstance.py:2076} INFO - Dependencies all met for dep_context=non-requeueable deps ti=<TaskInstance: ETL_anyone.plots manual__2024-08-08T11:33:28.759861+00:00 [queued]>
[2024-08-08T11:35:50.374+0000] {taskinstance.py:2076} INFO - Dependencies all met for dep_context=requeueable deps ti=<TaskInstance: ETL_anyone.plots manual__2024-08-08T11:33:28.759861+00:00 [queued]>
[2024-08-08T11:35:50.381+0000] {taskinstance.py:2306} INFO - Starting attempt 1 of 1
[2024-08-08T11:35:50.431+0000] {taskinstance.py:2330} INFO - Executing <Task(PythonOperator): plots> on 2024-08-08 11:33:28.759861+00:00
[2024-08-08T11:35:50.441+0000] {warnings.py:112} WARNING - /home/***/.local/lib/python3.12/site-packages/***/task/task_runner/standard_task_runner.py:62: DeprecationWarning: This process (pid=187) is multi-threaded, use of fork() may lead to deadlocks in the child.
  pid = os.fork()

[2024-08-08T11:35:50.443+0000] {standard_task_runner.py:64} INFO - Started process 191 to run task
[2024-08-08T11:35:50.443+0000] {standard_task_runner.py:90} INFO - Running: ['***', 'tasks', 'run', 'ETL_anyone', 'plots', 'manual__2024-08-08T11:33:28.759861+00:00', '--job-id', '102', '--raw', '--subdir', 'DAGS_FOLDER/ETL_anyone.py', '--cfg-path', '/tmp/tmpf4742alp']
[2024-08-08T11:35:50.446+0000] {standard_task_runner.py:91} INFO - Job 102: Subtask plots
[2024-08-08T11:35:50.532+0000] {task_command.py:426} INFO - Running <TaskInstance: ETL_anyone.plots manual__2024-08-08T11:33:28.759861+00:00 [running]> on host 3bb3968dcf3f
[2024-08-08T11:35:50.758+0000] {taskinstance.py:2648} INFO - Exporting env vars: AIRFLOW_CTX_DAG_OWNER='***' AIRFLOW_CTX_DAG_ID='ETL_anyone' AIRFLOW_CTX_TASK_ID='plots' AIRFLOW_CTX_EXECUTION_DATE='2024-08-08T11:33:28.759861+00:00' AIRFLOW_CTX_TRY_NUMBER='1' AIRFLOW_CTX_DAG_RUN_ID='manual__2024-08-08T11:33:28.759861+00:00'
[2024-08-08T11:35:50.762+0000] {taskinstance.py:430} INFO - ::endgroup::
[2024-08-08T11:35:52.229+0000] {font_manager.py:1584} INFO - generated new fontManager
[2024-08-08T11:36:01.290+0000] {logging_mixin.py:188} INFO - delivery_date_difference
[2024-08-08T11:36:01.299+0000] {warnings.py:112} WARNING - /opt/***/dags/src/transform.py:54: UserWarning: pandas only supports SQLAlchemy connectable (engine/connection) or database string URI or sqlite3 DBAPI2 connection. Other DBAPI2 objects are not tested. Please consider using SQLAlchemy.
  result = pd.read_sql(query, con=connection.connection)

[2024-08-08T11:36:23.679+0000] {warnings.py:112} WARNING - /opt/***/dags/src/transform.py:54: UserWarning: pandas only supports SQLAlchemy connectable (engine/connection) or database string URI or sqlite3 DBAPI2 connection. Other DBAPI2 objects are not tested. Please consider using SQLAlchemy.
  result = pd.read_sql(query, con=connection.connection)

[2024-08-08T11:36:28.269+0000] {category.py:223} INFO - Using categorical units to plot a list of strings that are all parsable as floats or dates. If these strings should be plotted as numbers, cast to the appropriate data type before plotting.
[2024-08-08T11:36:28.285+0000] {category.py:223} INFO - Using categorical units to plot a list of strings that are all parsable as floats or dates. If these strings should be plotted as numbers, cast to the appropriate data type before plotting.
[2024-08-08T11:36:28.432+0000] {category.py:223} INFO - Using categorical units to plot a list of strings that are all parsable as floats or dates. If these strings should be plotted as numbers, cast to the appropriate data type before plotting.
[2024-08-08T11:36:28.440+0000] {category.py:223} INFO - Using categorical units to plot a list of strings that are all parsable as floats or dates. If these strings should be plotted as numbers, cast to the appropriate data type before plotting.
[2024-08-08T11:36:38.194+0000] {warnings.py:112} WARNING - /home/***/.local/lib/python3.12/site-packages/seaborn/categorical.py:383: UserWarning:

Attempting to set identical low and high ylims makes transformation singular; automatically expanding.


[2024-08-08T11:36:38.735+0000] {logging_mixin.py:188} INFO - Generación de gráficos completa.
[2024-08-08T11:36:38.753+0000] {python.py:237} INFO - Done. Returned value was: None
[2024-08-08T11:36:38.755+0000] {taskinstance.py:441} INFO - ::group::Post task execution logs
[2024-08-08T11:36:38.777+0000] {taskinstance.py:1206} INFO - Marking task as SUCCESS. dag_id=ETL_anyone, task_id=plots, run_id=manual__2024-08-08T11:33:28.759861+00:00, execution_date=20240808T113328, start_date=20240808T113550, end_date=20240808T113638
[2024-08-08T11:36:38.884+0000] {local_task_job_runner.py:243} INFO - Task exited with return code 0
[2024-08-08T11:36:38.913+0000] {taskinstance.py:3503} INFO - 0 downstream tasks scheduled from follow-on schedule check
[2024-08-08T11:36:38.940+0000] {local_task_job_runner.py:222} INFO - ::endgroup::
